[Sat Jun 03 16:12:42 MDT 2023] - INFO passoff.ServerTest: 	Setting up Persistence Test...
[Sat Jun 03 16:12:42 MDT 2023] - INFO client.Proxy: 	Clear called
[Sat Jun 03 16:12:42 MDT 2023] - INFO client.Client: 	Post without Request Body called
[Sat Jun 03 16:12:42 MDT 2023] - INFO client.Client: 	Attempting to open connection to server
[Sat Jun 03 16:12:42 MDT 2023] - INFO client.Client: 	Connection opened to server
[Sat Jun 03 16:12:42 MDT 2023] - INFO client.Client: 	Setting passoffrequest method to POST
[Sat Jun 03 16:12:42 MDT 2023] - INFO client.Client: 	Request method set to POST
[Sat Jun 03 16:12:42 MDT 2023] - INFO client.Client: 	Setting Do Output to true
[Sat Jun 03 16:12:42 MDT 2023] - INFO client.Client: 	Do Output set to true
[Sat Jun 03 16:12:42 MDT 2023] - INFO client.Client: 	Connecting to server
[Sat Jun 03 16:12:42 MDT 2023] - INFO client.Client: 	Connected to server
[Sat Jun 03 16:12:42 MDT 2023] - INFO client.Client: 	Getting response code from server
[Sat Jun 03 16:12:45 MDT 2023] - INFO client.Client: 	Response code 200 returned
[Sat Jun 03 16:12:45 MDT 2023] - INFO client.Client: 	Getting input stream from server
[Sat Jun 03 16:12:45 MDT 2023] - INFO client.Client: 	Reading input stream into a string
[Sat Jun 03 16:12:45 MDT 2023] - INFO passoff.ServerTest: 	Running Persistence Test...
[Sat Jun 03 16:12:45 MDT 2023] - INFO client.Proxy: 	Load called
[Sat Jun 03 16:12:45 MDT 2023] - INFO client.Client: 	Post with Request Body called
[Sat Jun 03 16:12:45 MDT 2023] - INFO client.Client: 	Attempting to open connection to server
[Sat Jun 03 16:12:45 MDT 2023] - INFO client.Client: 	Connection opened to server
[Sat Jun 03 16:12:45 MDT 2023] - INFO client.Client: 	Setting passoffrequest method to POST
[Sat Jun 03 16:12:45 MDT 2023] - INFO client.Client: 	Request method set to POST
[Sat Jun 03 16:12:45 MDT 2023] - INFO client.Client: 	Setting Do Output to true
[Sat Jun 03 16:12:45 MDT 2023] - INFO client.Client: 	Do Output set to true
[Sat Jun 03 16:12:45 MDT 2023] - INFO client.Client: 	Connecting to server
[Sat Jun 03 16:12:45 MDT 2023] - INFO client.Client: 	Connected to server
[Sat Jun 03 16:12:45 MDT 2023] - INFO client.Client: 	Opening output stream to server
[Sat Jun 03 16:12:45 MDT 2023] - INFO client.Client: 	Writing passoffrequest to server output stream
[Sat Jun 03 16:12:45 MDT 2023] - INFO client.Client: 	Request written to server output stream
[Sat Jun 03 16:12:45 MDT 2023] - INFO client.Client: 	Closing output stream to server
[Sat Jun 03 16:12:45 MDT 2023] - INFO client.Client: 	Output stream to server closed
[Sat Jun 03 16:12:45 MDT 2023] - INFO client.Client: 	Getting response code from server
[Sat Jun 03 16:12:52 MDT 2023] - INFO passoff.ServerTest: 	Setting up File Handler Default Test...
[Sat Jun 03 16:12:52 MDT 2023] - INFO client.Proxy: 	Clear called
[Sat Jun 03 16:12:52 MDT 2023] - INFO client.Client: 	Post without Request Body called
[Sat Jun 03 16:12:52 MDT 2023] - INFO client.Client: 	Attempting to open connection to server
[Sat Jun 03 16:12:52 MDT 2023] - INFO client.Client: 	Connection opened to server
[Sat Jun 03 16:12:52 MDT 2023] - INFO client.Client: 	Setting passoffrequest method to POST
[Sat Jun 03 16:12:52 MDT 2023] - INFO client.Client: 	Request method set to POST
[Sat Jun 03 16:12:52 MDT 2023] - INFO client.Client: 	Setting Do Output to true
[Sat Jun 03 16:12:52 MDT 2023] - INFO client.Client: 	Do Output set to true
[Sat Jun 03 16:12:52 MDT 2023] - INFO client.Client: 	Connecting to server
[Sat Jun 03 16:12:52 MDT 2023] - INFO client.Client: 	Connected to server
[Sat Jun 03 16:12:52 MDT 2023] - INFO client.Client: 	Getting response code from server
[Sat Jun 03 16:12:55 MDT 2023] - INFO client.Client: 	Response code 400 returned
[Sat Jun 03 16:12:55 MDT 2023] - INFO client.Client: 	Getting input stream from server
[Sat Jun 03 16:12:55 MDT 2023] - INFO client.Client: 	Reading input stream into a string
[Sat Jun 03 16:12:55 MDT 2023] - INFO passoff.ServerTest: 	Running File Handler Default Test...
[Sat Jun 03 16:12:55 MDT 2023] - INFO client.Proxy: 	File called
[Sat Jun 03 16:12:55 MDT 2023] - INFO client.Client: 	Get without Auth Token called
[Sat Jun 03 16:12:55 MDT 2023] - INFO client.Client: 	Attempting to open connection to server
[Sat Jun 03 16:12:55 MDT 2023] - INFO client.Client: 	Connection opened to server
[Sat Jun 03 16:12:55 MDT 2023] - INFO client.Client: 	Setting passoffrequest method to GET
[Sat Jun 03 16:12:55 MDT 2023] - INFO client.Client: 	Request method set to GET
[Sat Jun 03 16:12:55 MDT 2023] - INFO client.Client: 	Setting Do Output to false
[Sat Jun 03 16:12:55 MDT 2023] - INFO client.Client: 	Do Output set to false
[Sat Jun 03 16:12:55 MDT 2023] - INFO client.Client: 	Connecting to server
[Sat Jun 03 16:12:55 MDT 2023] - INFO client.Client: 	Connected to server
[Sat Jun 03 16:12:55 MDT 2023] - INFO client.Client: 	Getting response code from server
[Sat Jun 03 16:12:55 MDT 2023] - INFO client.Client: 	Response code 200 returned
[Sat Jun 03 16:12:55 MDT 2023] - INFO client.Client: 	Getting input stream from server
[Sat Jun 03 16:12:55 MDT 2023] - INFO client.Client: 	Reading input stream into a string
[Sat Jun 03 16:12:55 MDT 2023] - INFO passoff.ServerTest: 	Setting up Realistic Fill Death Test...
[Sat Jun 03 16:12:55 MDT 2023] - INFO client.Proxy: 	Clear called
[Sat Jun 03 16:12:55 MDT 2023] - INFO client.Client: 	Post without Request Body called
[Sat Jun 03 16:12:55 MDT 2023] - INFO client.Client: 	Attempting to open connection to server
[Sat Jun 03 16:12:55 MDT 2023] - INFO client.Client: 	Connection opened to server
[Sat Jun 03 16:12:55 MDT 2023] - INFO client.Client: 	Setting passoffrequest method to POST
[Sat Jun 03 16:12:55 MDT 2023] - INFO client.Client: 	Request method set to POST
[Sat Jun 03 16:12:55 MDT 2023] - INFO client.Client: 	Setting Do Output to true
[Sat Jun 03 16:12:55 MDT 2023] - INFO client.Client: 	Do Output set to true
[Sat Jun 03 16:12:55 MDT 2023] - INFO client.Client: 	Connecting to server
[Sat Jun 03 16:12:55 MDT 2023] - INFO client.Client: 	Connected to server
[Sat Jun 03 16:12:55 MDT 2023] - INFO client.Client: 	Getting response code from server
[Sat Jun 03 16:12:58 MDT 2023] - INFO client.Client: 	Response code 400 returned
[Sat Jun 03 16:12:58 MDT 2023] - INFO client.Client: 	Getting input stream from server
[Sat Jun 03 16:12:58 MDT 2023] - INFO client.Client: 	Reading input stream into a string
[Sat Jun 03 16:12:58 MDT 2023] - INFO passoff.ServerTest: 	Running Realistic Fill Death Test...
[Sat Jun 03 16:12:58 MDT 2023] - INFO client.Proxy: 	Register called
[Sat Jun 03 16:12:58 MDT 2023] - INFO client.Client: 	Post with Request Body called
[Sat Jun 03 16:12:58 MDT 2023] - INFO client.Client: 	Attempting to open connection to server
[Sat Jun 03 16:12:58 MDT 2023] - INFO client.Client: 	Connection opened to server
[Sat Jun 03 16:12:58 MDT 2023] - INFO client.Client: 	Setting passoffrequest method to POST
[Sat Jun 03 16:12:58 MDT 2023] - INFO client.Client: 	Request method set to POST
[Sat Jun 03 16:12:58 MDT 2023] - INFO client.Client: 	Setting Do Output to true
[Sat Jun 03 16:12:58 MDT 2023] - INFO client.Client: 	Do Output set to true
[Sat Jun 03 16:12:58 MDT 2023] - INFO client.Client: 	Connecting to server
[Sat Jun 03 16:12:58 MDT 2023] - INFO client.Client: 	Connected to server
[Sat Jun 03 16:12:58 MDT 2023] - INFO client.Client: 	Opening output stream to server
[Sat Jun 03 16:12:58 MDT 2023] - INFO client.Client: 	Writing passoffrequest to server output stream
[Sat Jun 03 16:12:58 MDT 2023] - INFO client.Client: 	Request written to server output stream
[Sat Jun 03 16:12:58 MDT 2023] - INFO client.Client: 	Closing output stream to server
[Sat Jun 03 16:12:58 MDT 2023] - INFO client.Client: 	Output stream to server closed
[Sat Jun 03 16:12:58 MDT 2023] - INFO client.Client: 	Getting response code from server
